<?xml version="1.0" encoding="UTF-8"?>
<testsuite xmlns:xsi="http://www.w3.org/2001/XMLSchema-instance" xsi:noNamespaceSchemaLocation="https://maven.apache.org/surefire/maven-surefire-plugin/xsd/surefire-test-report-3.0.xsd" version="3.0" name="com.alpe.nf.usecase.ExtrairDadosNotaFiscalUseCaseTest" time="0.687" tests="3" errors="0" skipped="0" failures="0">
  <properties>
    <property name="java.specification.version" value="17"/>
    <property name="sun.cpu.isalist" value="amd64"/>
    <property name="sun.jnu.encoding" value="Cp1252"/>
    <property name="java.class.path" value="C:\Users\kayqu\OneDrive\Documentos\workspace\NF\target\test-classes;C:\Users\kayqu\OneDrive\Documentos\workspace\NF\target\classes;C:\Users\kayqu\.m2\repository\org\springframework\boot\spring-boot-starter-web\3.2.5\spring-boot-starter-web-3.2.5.jar;C:\Users\kayqu\.m2\repository\org\springframework\boot\spring-boot-starter\3.2.5\spring-boot-starter-3.2.5.jar;C:\Users\kayqu\.m2\repository\org\springframework\boot\spring-boot\3.2.5\spring-boot-3.2.5.jar;C:\Users\kayqu\.m2\repository\org\springframework\boot\spring-boot-autoconfigure\3.2.5\spring-boot-autoconfigure-3.2.5.jar;C:\Users\kayqu\.m2\repository\jakarta\annotation\jakarta.annotation-api\2.1.1\jakarta.annotation-api-2.1.1.jar;C:\Users\kayqu\.m2\repository\org\yaml\snakeyaml\2.2\snakeyaml-2.2.jar;C:\Users\kayqu\.m2\repository\org\springframework\boot\spring-boot-starter-json\3.2.5\spring-boot-starter-json-3.2.5.jar;C:\Users\kayqu\.m2\repository\com\fasterxml\jackson\core\jackson-databind\2.15.4\jackson-databind-2.15.4.jar;C:\Users\kayqu\.m2\repository\com\fasterxml\jackson\core\jackson-annotations\2.15.4\jackson-annotations-2.15.4.jar;C:\Users\kayqu\.m2\repository\com\fasterxml\jackson\core\jackson-core\2.15.4\jackson-core-2.15.4.jar;C:\Users\kayqu\.m2\repository\com\fasterxml\jackson\datatype\jackson-datatype-jdk8\2.15.4\jackson-datatype-jdk8-2.15.4.jar;C:\Users\kayqu\.m2\repository\com\fasterxml\jackson\datatype\jackson-datatype-jsr310\2.15.4\jackson-datatype-jsr310-2.15.4.jar;C:\Users\kayqu\.m2\repository\com\fasterxml\jackson\module\jackson-module-parameter-names\2.15.4\jackson-module-parameter-names-2.15.4.jar;C:\Users\kayqu\.m2\repository\org\springframework\boot\spring-boot-starter-tomcat\3.2.5\spring-boot-starter-tomcat-3.2.5.jar;C:\Users\kayqu\.m2\repository\org\apache\tomcat\embed\tomcat-embed-core\10.1.20\tomcat-embed-core-10.1.20.jar;C:\Users\kayqu\.m2\repository\org\apache\tomcat\embed\tomcat-embed-el\10.1.20\tomcat-embed-el-10.1.20.jar;C:\Users\kayqu\.m2\repository\org\apache\tomcat\embed\tomcat-embed-websocket\10.1.20\tomcat-embed-websocket-10.1.20.jar;C:\Users\kayqu\.m2\repository\org\springframework\spring-web\6.1.6\spring-web-6.1.6.jar;C:\Users\kayqu\.m2\repository\org\springframework\spring-beans\6.1.6\spring-beans-6.1.6.jar;C:\Users\kayqu\.m2\repository\org\springframework\spring-webmvc\6.1.6\spring-webmvc-6.1.6.jar;C:\Users\kayqu\.m2\repository\org\springframework\spring-expression\6.1.6\spring-expression-6.1.6.jar;C:\Users\kayqu\.m2\repository\org\springframework\kafka\spring-kafka\3.1.4\spring-kafka-3.1.4.jar;C:\Users\kayqu\.m2\repository\org\springframework\spring-context\6.1.6\spring-context-6.1.6.jar;C:\Users\kayqu\.m2\repository\org\springframework\spring-messaging\6.1.6\spring-messaging-6.1.6.jar;C:\Users\kayqu\.m2\repository\org\springframework\spring-tx\6.1.6\spring-tx-6.1.6.jar;C:\Users\kayqu\.m2\repository\org\springframework\retry\spring-retry\2.0.5\spring-retry-2.0.5.jar;C:\Users\kayqu\.m2\repository\org\apache\kafka\kafka-clients\3.6.2\kafka-clients-3.6.2.jar;C:\Users\kayqu\.m2\repository\com\github\luben\zstd-jni\1.5.5-1\zstd-jni-1.5.5-1.jar;C:\Users\kayqu\.m2\repository\org\lz4\lz4-java\1.8.0\lz4-java-1.8.0.jar;C:\Users\kayqu\.m2\repository\org\xerial\snappy\snappy-java\1.1.10.5\snappy-java-1.1.10.5.jar;C:\Users\kayqu\.m2\repository\io\micrometer\micrometer-observation\1.12.5\micrometer-observation-1.12.5.jar;C:\Users\kayqu\.m2\repository\io\micrometer\micrometer-commons\1.12.5\micrometer-commons-1.12.5.jar;C:\Users\kayqu\.m2\repository\com\google\code\findbugs\jsr305\3.0.2\jsr305-3.0.2.jar;C:\Users\kayqu\.m2\repository\org\projectlombok\lombok\1.18.32\lombok-1.18.32.jar;C:\Users\kayqu\.m2\repository\org\springframework\boot\spring-boot-starter-test\3.2.5\spring-boot-starter-test-3.2.5.jar;C:\Users\kayqu\.m2\repository\org\springframework\boot\spring-boot-test\3.2.5\spring-boot-test-3.2.5.jar;C:\Users\kayqu\.m2\repository\org\springframework\boot\spring-boot-test-autoconfigure\3.2.5\spring-boot-test-autoconfigure-3.2.5.jar;C:\Users\kayqu\.m2\repository\com\jayway\jsonpath\json-path\2.9.0\json-path-2.9.0.jar;C:\Users\kayqu\.m2\repository\jakarta\xml\bind\jakarta.xml.bind-api\4.0.2\jakarta.xml.bind-api-4.0.2.jar;C:\Users\kayqu\.m2\repository\jakarta\activation\jakarta.activation-api\2.1.3\jakarta.activation-api-2.1.3.jar;C:\Users\kayqu\.m2\repository\net\minidev\json-smart\2.5.1\json-smart-2.5.1.jar;C:\Users\kayqu\.m2\repository\net\minidev\accessors-smart\2.5.1\accessors-smart-2.5.1.jar;C:\Users\kayqu\.m2\repository\org\ow2\asm\asm\9.6\asm-9.6.jar;C:\Users\kayqu\.m2\repository\org\assertj\assertj-core\3.24.2\assertj-core-3.24.2.jar;C:\Users\kayqu\.m2\repository\net\bytebuddy\byte-buddy\1.14.13\byte-buddy-1.14.13.jar;C:\Users\kayqu\.m2\repository\org\awaitility\awaitility\4.2.1\awaitility-4.2.1.jar;C:\Users\kayqu\.m2\repository\org\hamcrest\hamcrest\2.2\hamcrest-2.2.jar;C:\Users\kayqu\.m2\repository\org\junit\jupiter\junit-jupiter\5.10.2\junit-jupiter-5.10.2.jar;C:\Users\kayqu\.m2\repository\org\junit\jupiter\junit-jupiter-params\5.10.2\junit-jupiter-params-5.10.2.jar;C:\Users\kayqu\.m2\repository\org\junit\jupiter\junit-jupiter-engine\5.10.2\junit-jupiter-engine-5.10.2.jar;C:\Users\kayqu\.m2\repository\org\mockito\mockito-core\5.7.0\mockito-core-5.7.0.jar;C:\Users\kayqu\.m2\repository\net\bytebuddy\byte-buddy-agent\1.14.13\byte-buddy-agent-1.14.13.jar;C:\Users\kayqu\.m2\repository\org\objenesis\objenesis\3.3\objenesis-3.3.jar;C:\Users\kayqu\.m2\repository\org\mockito\mockito-junit-jupiter\5.7.0\mockito-junit-jupiter-5.7.0.jar;C:\Users\kayqu\.m2\repository\org\skyscreamer\jsonassert\1.5.1\jsonassert-1.5.1.jar;C:\Users\kayqu\.m2\repository\com\vaadin\external\google\android-json\0.0.20131108.vaadin1\android-json-0.0.20131108.vaadin1.jar;C:\Users\kayqu\.m2\repository\org\springframework\spring-core\6.1.6\spring-core-6.1.6.jar;C:\Users\kayqu\.m2\repository\org\springframework\spring-jcl\6.1.6\spring-jcl-6.1.6.jar;C:\Users\kayqu\.m2\repository\org\springframework\spring-test\6.1.6\spring-test-6.1.6.jar;C:\Users\kayqu\.m2\repository\org\xmlunit\xmlunit-core\2.9.1\xmlunit-core-2.9.1.jar;C:\Users\kayqu\.m2\repository\org\apache\pdfbox\pdfbox\2.0.24\pdfbox-2.0.24.jar;C:\Users\kayqu\.m2\repository\org\apache\pdfbox\fontbox\2.0.24\fontbox-2.0.24.jar;C:\Users\kayqu\.m2\repository\commons-logging\commons-logging\1.2\commons-logging-1.2.jar;C:\Users\kayqu\.m2\repository\org\springframework\boot\spring-boot-starter-data-jpa\3.2.5\spring-boot-starter-data-jpa-3.2.5.jar;C:\Users\kayqu\.m2\repository\org\springframework\boot\spring-boot-starter-aop\3.2.5\spring-boot-starter-aop-3.2.5.jar;C:\Users\kayqu\.m2\repository\org\aspectj\aspectjweaver\1.9.22\aspectjweaver-1.9.22.jar;C:\Users\kayqu\.m2\repository\org\springframework\boot\spring-boot-starter-jdbc\3.2.5\spring-boot-starter-jdbc-3.2.5.jar;C:\Users\kayqu\.m2\repository\com\zaxxer\HikariCP\5.0.1\HikariCP-5.0.1.jar;C:\Users\kayqu\.m2\repository\org\springframework\spring-jdbc\6.1.6\spring-jdbc-6.1.6.jar;C:\Users\kayqu\.m2\repository\org\hibernate\orm\hibernate-core\6.4.4.Final\hibernate-core-6.4.4.Final.jar;C:\Users\kayqu\.m2\repository\jakarta\persistence\jakarta.persistence-api\3.1.0\jakarta.persistence-api-3.1.0.jar;C:\Users\kayqu\.m2\repository\jakarta\transaction\jakarta.transaction-api\2.0.1\jakarta.transaction-api-2.0.1.jar;C:\Users\kayqu\.m2\repository\org\jboss\logging\jboss-logging\3.5.3.Final\jboss-logging-3.5.3.Final.jar;C:\Users\kayqu\.m2\repository\org\hibernate\common\hibernate-commons-annotations\6.0.6.Final\hibernate-commons-annotations-6.0.6.Final.jar;C:\Users\kayqu\.m2\repository\io\smallrye\jandex\3.1.2\jandex-3.1.2.jar;C:\Users\kayqu\.m2\repository\com\fasterxml\classmate\1.6.0\classmate-1.6.0.jar;C:\Users\kayqu\.m2\repository\org\glassfish\jaxb\jaxb-runtime\4.0.5\jaxb-runtime-4.0.5.jar;C:\Users\kayqu\.m2\repository\org\glassfish\jaxb\jaxb-core\4.0.5\jaxb-core-4.0.5.jar;C:\Users\kayqu\.m2\repository\org\eclipse\angus\angus-activation\2.0.2\angus-activation-2.0.2.jar;C:\Users\kayqu\.m2\repository\org\glassfish\jaxb\txw2\4.0.5\txw2-4.0.5.jar;C:\Users\kayqu\.m2\repository\com\sun\istack\istack-commons-runtime\4.1.2\istack-commons-runtime-4.1.2.jar;C:\Users\kayqu\.m2\repository\jakarta\inject\jakarta.inject-api\2.0.1\jakarta.inject-api-2.0.1.jar;C:\Users\kayqu\.m2\repository\org\antlr\antlr4-runtime\4.13.0\antlr4-runtime-4.13.0.jar;C:\Users\kayqu\.m2\repository\org\springframework\data\spring-data-jpa\3.2.5\spring-data-jpa-3.2.5.jar;C:\Users\kayqu\.m2\repository\org\springframework\data\spring-data-commons\3.2.5\spring-data-commons-3.2.5.jar;C:\Users\kayqu\.m2\repository\org\springframework\spring-orm\6.1.6\spring-orm-6.1.6.jar;C:\Users\kayqu\.m2\repository\org\springframework\spring-aspects\6.1.6\spring-aspects-6.1.6.jar;C:\Users\kayqu\.m2\repository\com\itextpdf\barcodes\7.1.16\barcodes-7.1.16.jar;C:\Users\kayqu\.m2\repository\com\itextpdf\font-asian\7.1.16\font-asian-7.1.16.jar;C:\Users\kayqu\.m2\repository\com\itextpdf\forms\7.1.16\forms-7.1.16.jar;C:\Users\kayqu\.m2\repository\com\itextpdf\hyph\7.1.16\hyph-7.1.16.jar;C:\Users\kayqu\.m2\repository\com\itextpdf\io\7.1.16\io-7.1.16.jar;C:\Users\kayqu\.m2\repository\com\itextpdf\kernel\7.1.16\kernel-7.1.16.jar;C:\Users\kayqu\.m2\repository\org\bouncycastle\bcpkix-jdk15on\1.68\bcpkix-jdk15on-1.68.jar;C:\Users\kayqu\.m2\repository\org\bouncycastle\bcprov-jdk15on\1.68\bcprov-jdk15on-1.68.jar;C:\Users\kayqu\.m2\repository\com\itextpdf\sign\7.1.16\sign-7.1.16.jar;C:\Users\kayqu\.m2\repository\com\itextpdf\styled-xml-parser\7.1.16\styled-xml-parser-7.1.16.jar;C:\Users\kayqu\.m2\repository\com\itextpdf\svg\7.1.16\svg-7.1.16.jar;C:\Users\kayqu\.m2\repository\com\itextpdf\layout\7.1.16\layout-7.1.16.jar;C:\Users\kayqu\.m2\repository\org\slf4j\slf4j-api\2.0.13\slf4j-api-2.0.13.jar;C:\Users\kayqu\.m2\repository\com\itextpdf\pdfa\7.1.16\pdfa-7.1.16.jar;C:\Users\kayqu\.m2\repository\org\springframework\kafka\spring-kafka-test\3.1.4\spring-kafka-test-3.1.4.jar;C:\Users\kayqu\.m2\repository\org\apache\zookeeper\zookeeper\3.8.4\zookeeper-3.8.4.jar;C:\Users\kayqu\.m2\repository\org\apache\zookeeper\zookeeper-jute\3.8.4\zookeeper-jute-3.8.4.jar;C:\Users\kayqu\.m2\repository\org\apache\yetus\audience-annotations\0.12.0\audience-annotations-0.12.0.jar;C:\Users\kayqu\.m2\repository\io\netty\netty-handler\4.1.109.Final\netty-handler-4.1.109.Final.jar;C:\Users\kayqu\.m2\repository\io\netty\netty-transport-native-unix-common\4.1.109.Final\netty-transport-native-unix-common-4.1.109.Final.jar;C:\Users\kayqu\.m2\repository\io\netty\netty-transport-native-epoll\4.1.109.Final\netty-transport-native-epoll-4.1.109.Final.jar;C:\Users\kayqu\.m2\repository\ch\qos\logback\logback-core\1.4.14\logback-core-1.4.14.jar;C:\Users\kayqu\.m2\repository\ch\qos\logback\logback-classic\1.4.14\logback-classic-1.4.14.jar;C:\Users\kayqu\.m2\repository\commons-io\commons-io\2.11.0\commons-io-2.11.0.jar;C:\Users\kayqu\.m2\repository\org\apache\kafka\kafka-clients\3.6.2\kafka-clients-3.6.2-test.jar;C:\Users\kayqu\.m2\repository\org\apache\kafka\kafka-metadata\3.6.2\kafka-metadata-3.6.2.jar;C:\Users\kayqu\.m2\repository\org\apache\kafka\kafka-raft\3.6.2\kafka-raft-3.6.2.jar;C:\Users\kayqu\.m2\repository\com\yammer\metrics\metrics-core\2.2.0\metrics-core-2.2.0.jar;C:\Users\kayqu\.m2\repository\org\apache\kafka\kafka-server-common\3.6.2\kafka-server-common-3.6.2.jar;C:\Users\kayqu\.m2\repository\net\sf\jopt-simple\jopt-simple\5.0.4\jopt-simple-5.0.4.jar;C:\Users\kayqu\.m2\repository\org\pcollections\pcollections\4.0.1\pcollections-4.0.1.jar;C:\Users\kayqu\.m2\repository\org\apache\kafka\kafka-server-common\3.6.2\kafka-server-common-3.6.2-test.jar;C:\Users\kayqu\.m2\repository\org\apache\kafka\kafka-streams-test-utils\3.6.2\kafka-streams-test-utils-3.6.2.jar;C:\Users\kayqu\.m2\repository\org\apache\kafka\kafka-streams\3.6.2\kafka-streams-3.6.2.jar;C:\Users\kayqu\.m2\repository\org\rocksdb\rocksdbjni\7.9.2\rocksdbjni-7.9.2.jar;C:\Users\kayqu\.m2\repository\org\apache\kafka\kafka_2.13\3.6.2\kafka_2.13-3.6.2.jar;C:\Users\kayqu\.m2\repository\org\scala-lang\scala-library\2.13.11\scala-library-2.13.11.jar;C:\Users\kayqu\.m2\repository\org\apache\kafka\kafka-group-coordinator\3.6.2\kafka-group-coordinator-3.6.2.jar;C:\Users\kayqu\.m2\repository\org\apache\kafka\kafka-storage-api\3.6.2\kafka-storage-api-3.6.2.jar;C:\Users\kayqu\.m2\repository\org\apache\kafka\kafka-tools-api\3.6.2\kafka-tools-api-3.6.2.jar;C:\Users\kayqu\.m2\repository\org\apache\kafka\kafka-storage\3.6.2\kafka-storage-3.6.2.jar;C:\Users\kayqu\.m2\repository\com\github\ben-manes\caffeine\caffeine\3.1.8\caffeine-3.1.8.jar;C:\Users\kayqu\.m2\repository\org\checkerframework\checker-qual\3.37.0\checker-qual-3.37.0.jar;C:\Users\kayqu\.m2\repository\com\google\errorprone\error_prone_annotations\2.21.1\error_prone_annotations-2.21.1.jar;C:\Users\kayqu\.m2\repository\net\sourceforge\argparse4j\argparse4j\0.7.0\argparse4j-0.7.0.jar;C:\Users\kayqu\.m2\repository\commons-validator\commons-validator\1.7\commons-validator-1.7.jar;C:\Users\kayqu\.m2\repository\commons-beanutils\commons-beanutils\1.9.4\commons-beanutils-1.9.4.jar;C:\Users\kayqu\.m2\repository\commons-digester\commons-digester\2.1\commons-digester-2.1.jar;C:\Users\kayqu\.m2\repository\commons-collections\commons-collections\3.2.2\commons-collections-3.2.2.jar;C:\Users\kayqu\.m2\repository\com\fasterxml\jackson\module\jackson-module-scala_2.13\2.15.4\jackson-module-scala_2.13-2.15.4.jar;C:\Users\kayqu\.m2\repository\com\thoughtworks\paranamer\paranamer\2.8\paranamer-2.8.jar;C:\Users\kayqu\.m2\repository\com\fasterxml\jackson\dataformat\jackson-dataformat-csv\2.15.4\jackson-dataformat-csv-2.15.4.jar;C:\Users\kayqu\.m2\repository\org\bitbucket\b_c\jose4j\0.9.4\jose4j-0.9.4.jar;C:\Users\kayqu\.m2\repository\org\scala-lang\modules\scala-collection-compat_2.13\2.10.0\scala-collection-compat_2.13-2.10.0.jar;C:\Users\kayqu\.m2\repository\org\scala-lang\modules\scala-java8-compat_2.13\1.0.2\scala-java8-compat_2.13-1.0.2.jar;C:\Users\kayqu\.m2\repository\org\scala-lang\scala-reflect\2.13.11\scala-reflect-2.13.11.jar;C:\Users\kayqu\.m2\repository\com\typesafe\scala-logging\scala-logging_2.13\3.9.4\scala-logging_2.13-3.9.4.jar;C:\Users\kayqu\.m2\repository\io\dropwizard\metrics\metrics-core\4.2.25\metrics-core-4.2.25.jar;C:\Users\kayqu\.m2\repository\commons-cli\commons-cli\1.4\commons-cli-1.4.jar;C:\Users\kayqu\.m2\repository\org\apache\kafka\kafka_2.13\3.6.2\kafka_2.13-3.6.2-test.jar;C:\Users\kayqu\.m2\repository\org\junit\jupiter\junit-jupiter-api\5.10.2\junit-jupiter-api-5.10.2.jar;C:\Users\kayqu\.m2\repository\org\opentest4j\opentest4j\1.3.0\opentest4j-1.3.0.jar;C:\Users\kayqu\.m2\repository\org\junit\platform\junit-platform-commons\1.10.2\junit-platform-commons-1.10.2.jar;C:\Users\kayqu\.m2\repository\org\apiguardian\apiguardian-api\1.1.2\apiguardian-api-1.1.2.jar;C:\Users\kayqu\.m2\repository\org\junit\platform\junit-platform-launcher\1.10.2\junit-platform-launcher-1.10.2.jar;C:\Users\kayqu\.m2\repository\org\junit\platform\junit-platform-engine\1.10.2\junit-platform-engine-1.10.2.jar;C:\Users\kayqu\.m2\repository\org\springframework\boot\spring-boot-starter-log4j2\3.2.5\spring-boot-starter-log4j2-3.2.5.jar;C:\Users\kayqu\.m2\repository\org\apache\logging\log4j\log4j-slf4j2-impl\2.21.1\log4j-slf4j2-impl-2.21.1.jar;C:\Users\kayqu\.m2\repository\org\apache\logging\log4j\log4j-api\2.21.1\log4j-api-2.21.1.jar;C:\Users\kayqu\.m2\repository\org\apache\logging\log4j\log4j-core\2.21.1\log4j-core-2.21.1.jar;C:\Users\kayqu\.m2\repository\org\apache\logging\log4j\log4j-jul\2.21.1\log4j-jul-2.21.1.jar;C:\Users\kayqu\.m2\repository\org\springframework\boot\spring-boot-starter-security\3.2.5\spring-boot-starter-security-3.2.5.jar;C:\Users\kayqu\.m2\repository\org\springframework\spring-aop\6.1.6\spring-aop-6.1.6.jar;C:\Users\kayqu\.m2\repository\org\springframework\security\spring-security-config\6.2.4\spring-security-config-6.2.4.jar;C:\Users\kayqu\.m2\repository\org\springframework\security\spring-security-web\6.2.4\spring-security-web-6.2.4.jar;C:\Users\kayqu\.m2\repository\org\springframework\boot\spring-boot-starter-oauth2-resource-server\3.2.5\spring-boot-starter-oauth2-resource-server-3.2.5.jar;C:\Users\kayqu\.m2\repository\org\springframework\security\spring-security-core\6.2.4\spring-security-core-6.2.4.jar;C:\Users\kayqu\.m2\repository\org\springframework\security\spring-security-crypto\6.2.4\spring-security-crypto-6.2.4.jar;C:\Users\kayqu\.m2\repository\org\springframework\security\spring-security-oauth2-resource-server\6.2.4\spring-security-oauth2-resource-server-6.2.4.jar;C:\Users\kayqu\.m2\repository\org\springframework\security\spring-security-oauth2-core\6.2.4\spring-security-oauth2-core-6.2.4.jar;C:\Users\kayqu\.m2\repository\org\springframework\security\spring-security-oauth2-jose\6.2.4\spring-security-oauth2-jose-6.2.4.jar;C:\Users\kayqu\.m2\repository\com\nimbusds\nimbus-jose-jwt\9.24.4\nimbus-jose-jwt-9.24.4.jar;C:\Users\kayqu\.m2\repository\com\github\stephenc\jcip\jcip-annotations\1.0-1\jcip-annotations-1.0-1.jar;C:\Users\kayqu\.m2\repository\software\amazon\awssdk\s3\2.21.44\s3-2.21.44.jar;C:\Users\kayqu\.m2\repository\software\amazon\awssdk\aws-xml-protocol\2.21.44\aws-xml-protocol-2.21.44.jar;C:\Users\kayqu\.m2\repository\software\amazon\awssdk\aws-query-protocol\2.21.44\aws-query-protocol-2.21.44.jar;C:\Users\kayqu\.m2\repository\software\amazon\awssdk\protocol-core\2.21.44\protocol-core-2.21.44.jar;C:\Users\kayqu\.m2\repository\software\amazon\awssdk\arns\2.21.44\arns-2.21.44.jar;C:\Users\kayqu\.m2\repository\software\amazon\awssdk\profiles\2.21.44\profiles-2.21.44.jar;C:\Users\kayqu\.m2\repository\software\amazon\awssdk\crt-core\2.21.44\crt-core-2.21.44.jar;C:\Users\kayqu\.m2\repository\software\amazon\awssdk\http-auth\2.21.44\http-auth-2.21.44.jar;C:\Users\kayqu\.m2\repository\software\amazon\awssdk\identity-spi\2.21.44\identity-spi-2.21.44.jar;C:\Users\kayqu\.m2\repository\software\amazon\awssdk\http-auth-spi\2.21.44\http-auth-spi-2.21.44.jar;C:\Users\kayqu\.m2\repository\org\reactivestreams\reactive-streams\1.0.4\reactive-streams-1.0.4.jar;C:\Users\kayqu\.m2\repository\software\amazon\awssdk\http-auth-aws\2.21.44\http-auth-aws-2.21.44.jar;C:\Users\kayqu\.m2\repository\software\amazon\awssdk\checksums\2.21.44\checksums-2.21.44.jar;C:\Users\kayqu\.m2\repository\software\amazon\awssdk\checksums-spi\2.21.44\checksums-spi-2.21.44.jar;C:\Users\kayqu\.m2\repository\software\amazon\awssdk\sdk-core\2.21.44\sdk-core-2.21.44.jar;C:\Users\kayqu\.m2\repository\software\amazon\awssdk\auth\2.21.44\auth-2.21.44.jar;C:\Users\kayqu\.m2\repository\software\amazon\eventstream\eventstream\1.0.1\eventstream-1.0.1.jar;C:\Users\kayqu\.m2\repository\software\amazon\awssdk\http-client-spi\2.21.44\http-client-spi-2.21.44.jar;C:\Users\kayqu\.m2\repository\software\amazon\awssdk\regions\2.21.44\regions-2.21.44.jar;C:\Users\kayqu\.m2\repository\software\amazon\awssdk\annotations\2.21.44\annotations-2.21.44.jar;C:\Users\kayqu\.m2\repository\software\amazon\awssdk\utils\2.21.44\utils-2.21.44.jar;C:\Users\kayqu\.m2\repository\software\amazon\awssdk\aws-core\2.21.44\aws-core-2.21.44.jar;C:\Users\kayqu\.m2\repository\software\amazon\awssdk\metrics-spi\2.21.44\metrics-spi-2.21.44.jar;C:\Users\kayqu\.m2\repository\software\amazon\awssdk\json-utils\2.21.44\json-utils-2.21.44.jar;C:\Users\kayqu\.m2\repository\software\amazon\awssdk\third-party-jackson-core\2.21.44\third-party-jackson-core-2.21.44.jar;C:\Users\kayqu\.m2\repository\software\amazon\awssdk\endpoints-spi\2.21.44\endpoints-spi-2.21.44.jar;C:\Users\kayqu\.m2\repository\software\amazon\awssdk\apache-client\2.21.44\apache-client-2.21.44.jar;C:\Users\kayqu\.m2\repository\org\apache\httpcomponents\httpclient\4.5.13\httpclient-4.5.13.jar;C:\Users\kayqu\.m2\repository\org\apache\httpcomponents\httpcore\4.4.16\httpcore-4.4.16.jar;C:\Users\kayqu\.m2\repository\commons-codec\commons-codec\1.16.1\commons-codec-1.16.1.jar;C:\Users\kayqu\.m2\repository\software\amazon\awssdk\netty-nio-client\2.21.44\netty-nio-client-2.21.44.jar;C:\Users\kayqu\.m2\repository\io\netty\netty-codec-http\4.1.109.Final\netty-codec-http-4.1.109.Final.jar;C:\Users\kayqu\.m2\repository\io\netty\netty-codec-http2\4.1.109.Final\netty-codec-http2-4.1.109.Final.jar;C:\Users\kayqu\.m2\repository\io\netty\netty-codec\4.1.109.Final\netty-codec-4.1.109.Final.jar;C:\Users\kayqu\.m2\repository\io\netty\netty-transport\4.1.109.Final\netty-transport-4.1.109.Final.jar;C:\Users\kayqu\.m2\repository\io\netty\netty-common\4.1.109.Final\netty-common-4.1.109.Final.jar;C:\Users\kayqu\.m2\repository\io\netty\netty-buffer\4.1.109.Final\netty-buffer-4.1.109.Final.jar;C:\Users\kayqu\.m2\repository\io\netty\netty-transport-classes-epoll\4.1.109.Final\netty-transport-classes-epoll-4.1.109.Final.jar;C:\Users\kayqu\.m2\repository\io\netty\netty-resolver\4.1.109.Final\netty-resolver-4.1.109.Final.jar;C:\Users\kayqu\.m2\repository\software\amazon\awssdk\secretsmanager\2.21.44\secretsmanager-2.21.44.jar;C:\Users\kayqu\.m2\repository\software\amazon\awssdk\aws-json-protocol\2.21.44\aws-json-protocol-2.21.44.jar;C:\Users\kayqu\.m2\repository\com\mysql\mysql-connector-j\8.0.33\mysql-connector-j-8.0.33.jar;C:\Users\kayqu\.m2\repository\junit\junit\4.13.2\junit-4.13.2.jar;C:\Users\kayqu\.m2\repository\org\hamcrest\hamcrest-core\2.2\hamcrest-core-2.2.jar;"/>
    <property name="java.vm.vendor" value="Oracle Corporation"/>
    <property name="sun.arch.data.model" value="64"/>
    <property name="user.variant" value=""/>
    <property name="java.vendor.url" value="https://java.oracle.com/"/>
    <property name="user.timezone" value="America/Sao_Paulo"/>
    <property name="os.name" value="Windows 10"/>
    <property name="java.vm.specification.version" value="17"/>
    <property name="sun.java.launcher" value="SUN_STANDARD"/>
    <property name="user.country" value="BR"/>
    <property name="sun.boot.library.path" value="C:\Users\kayqu\OneDrive\Área de Trabalho\jdk-17.0.7\bin"/>
    <property name="sun.java.command" value="C:\Users\kayqu\AppData\Local\Temp\surefire12543146535345648945\surefirebooter-20240503234909227_3.jar C:\Users\kayqu\AppData\Local\Temp\surefire12543146535345648945 2024-05-03T23-49-08_957-jvmRun1 surefire-20240503234909227_1tmp surefire_0-20240503234909227_2tmp"/>
    <property name="jdk.debug" value="release"/>
    <property name="surefire.test.class.path" value="C:\Users\kayqu\OneDrive\Documentos\workspace\NF\target\test-classes;C:\Users\kayqu\OneDrive\Documentos\workspace\NF\target\classes;C:\Users\kayqu\.m2\repository\org\springframework\boot\spring-boot-starter-web\3.2.5\spring-boot-starter-web-3.2.5.jar;C:\Users\kayqu\.m2\repository\org\springframework\boot\spring-boot-starter\3.2.5\spring-boot-starter-3.2.5.jar;C:\Users\kayqu\.m2\repository\org\springframework\boot\spring-boot\3.2.5\spring-boot-3.2.5.jar;C:\Users\kayqu\.m2\repository\org\springframework\boot\spring-boot-autoconfigure\3.2.5\spring-boot-autoconfigure-3.2.5.jar;C:\Users\kayqu\.m2\repository\jakarta\annotation\jakarta.annotation-api\2.1.1\jakarta.annotation-api-2.1.1.jar;C:\Users\kayqu\.m2\repository\org\yaml\snakeyaml\2.2\snakeyaml-2.2.jar;C:\Users\kayqu\.m2\repository\org\springframework\boot\spring-boot-starter-json\3.2.5\spring-boot-starter-json-3.2.5.jar;C:\Users\kayqu\.m2\repository\com\fasterxml\jackson\core\jackson-databind\2.15.4\jackson-databind-2.15.4.jar;C:\Users\kayqu\.m2\repository\com\fasterxml\jackson\core\jackson-annotations\2.15.4\jackson-annotations-2.15.4.jar;C:\Users\kayqu\.m2\repository\com\fasterxml\jackson\core\jackson-core\2.15.4\jackson-core-2.15.4.jar;C:\Users\kayqu\.m2\repository\com\fasterxml\jackson\datatype\jackson-datatype-jdk8\2.15.4\jackson-datatype-jdk8-2.15.4.jar;C:\Users\kayqu\.m2\repository\com\fasterxml\jackson\datatype\jackson-datatype-jsr310\2.15.4\jackson-datatype-jsr310-2.15.4.jar;C:\Users\kayqu\.m2\repository\com\fasterxml\jackson\module\jackson-module-parameter-names\2.15.4\jackson-module-parameter-names-2.15.4.jar;C:\Users\kayqu\.m2\repository\org\springframework\boot\spring-boot-starter-tomcat\3.2.5\spring-boot-starter-tomcat-3.2.5.jar;C:\Users\kayqu\.m2\repository\org\apache\tomcat\embed\tomcat-embed-core\10.1.20\tomcat-embed-core-10.1.20.jar;C:\Users\kayqu\.m2\repository\org\apache\tomcat\embed\tomcat-embed-el\10.1.20\tomcat-embed-el-10.1.20.jar;C:\Users\kayqu\.m2\repository\org\apache\tomcat\embed\tomcat-embed-websocket\10.1.20\tomcat-embed-websocket-10.1.20.jar;C:\Users\kayqu\.m2\repository\org\springframework\spring-web\6.1.6\spring-web-6.1.6.jar;C:\Users\kayqu\.m2\repository\org\springframework\spring-beans\6.1.6\spring-beans-6.1.6.jar;C:\Users\kayqu\.m2\repository\org\springframework\spring-webmvc\6.1.6\spring-webmvc-6.1.6.jar;C:\Users\kayqu\.m2\repository\org\springframework\spring-expression\6.1.6\spring-expression-6.1.6.jar;C:\Users\kayqu\.m2\repository\org\springframework\kafka\spring-kafka\3.1.4\spring-kafka-3.1.4.jar;C:\Users\kayqu\.m2\repository\org\springframework\spring-context\6.1.6\spring-context-6.1.6.jar;C:\Users\kayqu\.m2\repository\org\springframework\spring-messaging\6.1.6\spring-messaging-6.1.6.jar;C:\Users\kayqu\.m2\repository\org\springframework\spring-tx\6.1.6\spring-tx-6.1.6.jar;C:\Users\kayqu\.m2\repository\org\springframework\retry\spring-retry\2.0.5\spring-retry-2.0.5.jar;C:\Users\kayqu\.m2\repository\org\apache\kafka\kafka-clients\3.6.2\kafka-clients-3.6.2.jar;C:\Users\kayqu\.m2\repository\com\github\luben\zstd-jni\1.5.5-1\zstd-jni-1.5.5-1.jar;C:\Users\kayqu\.m2\repository\org\lz4\lz4-java\1.8.0\lz4-java-1.8.0.jar;C:\Users\kayqu\.m2\repository\org\xerial\snappy\snappy-java\1.1.10.5\snappy-java-1.1.10.5.jar;C:\Users\kayqu\.m2\repository\io\micrometer\micrometer-observation\1.12.5\micrometer-observation-1.12.5.jar;C:\Users\kayqu\.m2\repository\io\micrometer\micrometer-commons\1.12.5\micrometer-commons-1.12.5.jar;C:\Users\kayqu\.m2\repository\com\google\code\findbugs\jsr305\3.0.2\jsr305-3.0.2.jar;C:\Users\kayqu\.m2\repository\org\projectlombok\lombok\1.18.32\lombok-1.18.32.jar;C:\Users\kayqu\.m2\repository\org\springframework\boot\spring-boot-starter-test\3.2.5\spring-boot-starter-test-3.2.5.jar;C:\Users\kayqu\.m2\repository\org\springframework\boot\spring-boot-test\3.2.5\spring-boot-test-3.2.5.jar;C:\Users\kayqu\.m2\repository\org\springframework\boot\spring-boot-test-autoconfigure\3.2.5\spring-boot-test-autoconfigure-3.2.5.jar;C:\Users\kayqu\.m2\repository\com\jayway\jsonpath\json-path\2.9.0\json-path-2.9.0.jar;C:\Users\kayqu\.m2\repository\jakarta\xml\bind\jakarta.xml.bind-api\4.0.2\jakarta.xml.bind-api-4.0.2.jar;C:\Users\kayqu\.m2\repository\jakarta\activation\jakarta.activation-api\2.1.3\jakarta.activation-api-2.1.3.jar;C:\Users\kayqu\.m2\repository\net\minidev\json-smart\2.5.1\json-smart-2.5.1.jar;C:\Users\kayqu\.m2\repository\net\minidev\accessors-smart\2.5.1\accessors-smart-2.5.1.jar;C:\Users\kayqu\.m2\repository\org\ow2\asm\asm\9.6\asm-9.6.jar;C:\Users\kayqu\.m2\repository\org\assertj\assertj-core\3.24.2\assertj-core-3.24.2.jar;C:\Users\kayqu\.m2\repository\net\bytebuddy\byte-buddy\1.14.13\byte-buddy-1.14.13.jar;C:\Users\kayqu\.m2\repository\org\awaitility\awaitility\4.2.1\awaitility-4.2.1.jar;C:\Users\kayqu\.m2\repository\org\hamcrest\hamcrest\2.2\hamcrest-2.2.jar;C:\Users\kayqu\.m2\repository\org\junit\jupiter\junit-jupiter\5.10.2\junit-jupiter-5.10.2.jar;C:\Users\kayqu\.m2\repository\org\junit\jupiter\junit-jupiter-params\5.10.2\junit-jupiter-params-5.10.2.jar;C:\Users\kayqu\.m2\repository\org\junit\jupiter\junit-jupiter-engine\5.10.2\junit-jupiter-engine-5.10.2.jar;C:\Users\kayqu\.m2\repository\org\mockito\mockito-core\5.7.0\mockito-core-5.7.0.jar;C:\Users\kayqu\.m2\repository\net\bytebuddy\byte-buddy-agent\1.14.13\byte-buddy-agent-1.14.13.jar;C:\Users\kayqu\.m2\repository\org\objenesis\objenesis\3.3\objenesis-3.3.jar;C:\Users\kayqu\.m2\repository\org\mockito\mockito-junit-jupiter\5.7.0\mockito-junit-jupiter-5.7.0.jar;C:\Users\kayqu\.m2\repository\org\skyscreamer\jsonassert\1.5.1\jsonassert-1.5.1.jar;C:\Users\kayqu\.m2\repository\com\vaadin\external\google\android-json\0.0.20131108.vaadin1\android-json-0.0.20131108.vaadin1.jar;C:\Users\kayqu\.m2\repository\org\springframework\spring-core\6.1.6\spring-core-6.1.6.jar;C:\Users\kayqu\.m2\repository\org\springframework\spring-jcl\6.1.6\spring-jcl-6.1.6.jar;C:\Users\kayqu\.m2\repository\org\springframework\spring-test\6.1.6\spring-test-6.1.6.jar;C:\Users\kayqu\.m2\repository\org\xmlunit\xmlunit-core\2.9.1\xmlunit-core-2.9.1.jar;C:\Users\kayqu\.m2\repository\org\apache\pdfbox\pdfbox\2.0.24\pdfbox-2.0.24.jar;C:\Users\kayqu\.m2\repository\org\apache\pdfbox\fontbox\2.0.24\fontbox-2.0.24.jar;C:\Users\kayqu\.m2\repository\commons-logging\commons-logging\1.2\commons-logging-1.2.jar;C:\Users\kayqu\.m2\repository\org\springframework\boot\spring-boot-starter-data-jpa\3.2.5\spring-boot-starter-data-jpa-3.2.5.jar;C:\Users\kayqu\.m2\repository\org\springframework\boot\spring-boot-starter-aop\3.2.5\spring-boot-starter-aop-3.2.5.jar;C:\Users\kayqu\.m2\repository\org\aspectj\aspectjweaver\1.9.22\aspectjweaver-1.9.22.jar;C:\Users\kayqu\.m2\repository\org\springframework\boot\spring-boot-starter-jdbc\3.2.5\spring-boot-starter-jdbc-3.2.5.jar;C:\Users\kayqu\.m2\repository\com\zaxxer\HikariCP\5.0.1\HikariCP-5.0.1.jar;C:\Users\kayqu\.m2\repository\org\springframework\spring-jdbc\6.1.6\spring-jdbc-6.1.6.jar;C:\Users\kayqu\.m2\repository\org\hibernate\orm\hibernate-core\6.4.4.Final\hibernate-core-6.4.4.Final.jar;C:\Users\kayqu\.m2\repository\jakarta\persistence\jakarta.persistence-api\3.1.0\jakarta.persistence-api-3.1.0.jar;C:\Users\kayqu\.m2\repository\jakarta\transaction\jakarta.transaction-api\2.0.1\jakarta.transaction-api-2.0.1.jar;C:\Users\kayqu\.m2\repository\org\jboss\logging\jboss-logging\3.5.3.Final\jboss-logging-3.5.3.Final.jar;C:\Users\kayqu\.m2\repository\org\hibernate\common\hibernate-commons-annotations\6.0.6.Final\hibernate-commons-annotations-6.0.6.Final.jar;C:\Users\kayqu\.m2\repository\io\smallrye\jandex\3.1.2\jandex-3.1.2.jar;C:\Users\kayqu\.m2\repository\com\fasterxml\classmate\1.6.0\classmate-1.6.0.jar;C:\Users\kayqu\.m2\repository\org\glassfish\jaxb\jaxb-runtime\4.0.5\jaxb-runtime-4.0.5.jar;C:\Users\kayqu\.m2\repository\org\glassfish\jaxb\jaxb-core\4.0.5\jaxb-core-4.0.5.jar;C:\Users\kayqu\.m2\repository\org\eclipse\angus\angus-activation\2.0.2\angus-activation-2.0.2.jar;C:\Users\kayqu\.m2\repository\org\glassfish\jaxb\txw2\4.0.5\txw2-4.0.5.jar;C:\Users\kayqu\.m2\repository\com\sun\istack\istack-commons-runtime\4.1.2\istack-commons-runtime-4.1.2.jar;C:\Users\kayqu\.m2\repository\jakarta\inject\jakarta.inject-api\2.0.1\jakarta.inject-api-2.0.1.jar;C:\Users\kayqu\.m2\repository\org\antlr\antlr4-runtime\4.13.0\antlr4-runtime-4.13.0.jar;C:\Users\kayqu\.m2\repository\org\springframework\data\spring-data-jpa\3.2.5\spring-data-jpa-3.2.5.jar;C:\Users\kayqu\.m2\repository\org\springframework\data\spring-data-commons\3.2.5\spring-data-commons-3.2.5.jar;C:\Users\kayqu\.m2\repository\org\springframework\spring-orm\6.1.6\spring-orm-6.1.6.jar;C:\Users\kayqu\.m2\repository\org\springframework\spring-aspects\6.1.6\spring-aspects-6.1.6.jar;C:\Users\kayqu\.m2\repository\com\itextpdf\barcodes\7.1.16\barcodes-7.1.16.jar;C:\Users\kayqu\.m2\repository\com\itextpdf\font-asian\7.1.16\font-asian-7.1.16.jar;C:\Users\kayqu\.m2\repository\com\itextpdf\forms\7.1.16\forms-7.1.16.jar;C:\Users\kayqu\.m2\repository\com\itextpdf\hyph\7.1.16\hyph-7.1.16.jar;C:\Users\kayqu\.m2\repository\com\itextpdf\io\7.1.16\io-7.1.16.jar;C:\Users\kayqu\.m2\repository\com\itextpdf\kernel\7.1.16\kernel-7.1.16.jar;C:\Users\kayqu\.m2\repository\org\bouncycastle\bcpkix-jdk15on\1.68\bcpkix-jdk15on-1.68.jar;C:\Users\kayqu\.m2\repository\org\bouncycastle\bcprov-jdk15on\1.68\bcprov-jdk15on-1.68.jar;C:\Users\kayqu\.m2\repository\com\itextpdf\sign\7.1.16\sign-7.1.16.jar;C:\Users\kayqu\.m2\repository\com\itextpdf\styled-xml-parser\7.1.16\styled-xml-parser-7.1.16.jar;C:\Users\kayqu\.m2\repository\com\itextpdf\svg\7.1.16\svg-7.1.16.jar;C:\Users\kayqu\.m2\repository\com\itextpdf\layout\7.1.16\layout-7.1.16.jar;C:\Users\kayqu\.m2\repository\org\slf4j\slf4j-api\2.0.13\slf4j-api-2.0.13.jar;C:\Users\kayqu\.m2\repository\com\itextpdf\pdfa\7.1.16\pdfa-7.1.16.jar;C:\Users\kayqu\.m2\repository\org\springframework\kafka\spring-kafka-test\3.1.4\spring-kafka-test-3.1.4.jar;C:\Users\kayqu\.m2\repository\org\apache\zookeeper\zookeeper\3.8.4\zookeeper-3.8.4.jar;C:\Users\kayqu\.m2\repository\org\apache\zookeeper\zookeeper-jute\3.8.4\zookeeper-jute-3.8.4.jar;C:\Users\kayqu\.m2\repository\org\apache\yetus\audience-annotations\0.12.0\audience-annotations-0.12.0.jar;C:\Users\kayqu\.m2\repository\io\netty\netty-handler\4.1.109.Final\netty-handler-4.1.109.Final.jar;C:\Users\kayqu\.m2\repository\io\netty\netty-transport-native-unix-common\4.1.109.Final\netty-transport-native-unix-common-4.1.109.Final.jar;C:\Users\kayqu\.m2\repository\io\netty\netty-transport-native-epoll\4.1.109.Final\netty-transport-native-epoll-4.1.109.Final.jar;C:\Users\kayqu\.m2\repository\ch\qos\logback\logback-core\1.4.14\logback-core-1.4.14.jar;C:\Users\kayqu\.m2\repository\ch\qos\logback\logback-classic\1.4.14\logback-classic-1.4.14.jar;C:\Users\kayqu\.m2\repository\commons-io\commons-io\2.11.0\commons-io-2.11.0.jar;C:\Users\kayqu\.m2\repository\org\apache\kafka\kafka-clients\3.6.2\kafka-clients-3.6.2-test.jar;C:\Users\kayqu\.m2\repository\org\apache\kafka\kafka-metadata\3.6.2\kafka-metadata-3.6.2.jar;C:\Users\kayqu\.m2\repository\org\apache\kafka\kafka-raft\3.6.2\kafka-raft-3.6.2.jar;C:\Users\kayqu\.m2\repository\com\yammer\metrics\metrics-core\2.2.0\metrics-core-2.2.0.jar;C:\Users\kayqu\.m2\repository\org\apache\kafka\kafka-server-common\3.6.2\kafka-server-common-3.6.2.jar;C:\Users\kayqu\.m2\repository\net\sf\jopt-simple\jopt-simple\5.0.4\jopt-simple-5.0.4.jar;C:\Users\kayqu\.m2\repository\org\pcollections\pcollections\4.0.1\pcollections-4.0.1.jar;C:\Users\kayqu\.m2\repository\org\apache\kafka\kafka-server-common\3.6.2\kafka-server-common-3.6.2-test.jar;C:\Users\kayqu\.m2\repository\org\apache\kafka\kafka-streams-test-utils\3.6.2\kafka-streams-test-utils-3.6.2.jar;C:\Users\kayqu\.m2\repository\org\apache\kafka\kafka-streams\3.6.2\kafka-streams-3.6.2.jar;C:\Users\kayqu\.m2\repository\org\rocksdb\rocksdbjni\7.9.2\rocksdbjni-7.9.2.jar;C:\Users\kayqu\.m2\repository\org\apache\kafka\kafka_2.13\3.6.2\kafka_2.13-3.6.2.jar;C:\Users\kayqu\.m2\repository\org\scala-lang\scala-library\2.13.11\scala-library-2.13.11.jar;C:\Users\kayqu\.m2\repository\org\apache\kafka\kafka-group-coordinator\3.6.2\kafka-group-coordinator-3.6.2.jar;C:\Users\kayqu\.m2\repository\org\apache\kafka\kafka-storage-api\3.6.2\kafka-storage-api-3.6.2.jar;C:\Users\kayqu\.m2\repository\org\apache\kafka\kafka-tools-api\3.6.2\kafka-tools-api-3.6.2.jar;C:\Users\kayqu\.m2\repository\org\apache\kafka\kafka-storage\3.6.2\kafka-storage-3.6.2.jar;C:\Users\kayqu\.m2\repository\com\github\ben-manes\caffeine\caffeine\3.1.8\caffeine-3.1.8.jar;C:\Users\kayqu\.m2\repository\org\checkerframework\checker-qual\3.37.0\checker-qual-3.37.0.jar;C:\Users\kayqu\.m2\repository\com\google\errorprone\error_prone_annotations\2.21.1\error_prone_annotations-2.21.1.jar;C:\Users\kayqu\.m2\repository\net\sourceforge\argparse4j\argparse4j\0.7.0\argparse4j-0.7.0.jar;C:\Users\kayqu\.m2\repository\commons-validator\commons-validator\1.7\commons-validator-1.7.jar;C:\Users\kayqu\.m2\repository\commons-beanutils\commons-beanutils\1.9.4\commons-beanutils-1.9.4.jar;C:\Users\kayqu\.m2\repository\commons-digester\commons-digester\2.1\commons-digester-2.1.jar;C:\Users\kayqu\.m2\repository\commons-collections\commons-collections\3.2.2\commons-collections-3.2.2.jar;C:\Users\kayqu\.m2\repository\com\fasterxml\jackson\module\jackson-module-scala_2.13\2.15.4\jackson-module-scala_2.13-2.15.4.jar;C:\Users\kayqu\.m2\repository\com\thoughtworks\paranamer\paranamer\2.8\paranamer-2.8.jar;C:\Users\kayqu\.m2\repository\com\fasterxml\jackson\dataformat\jackson-dataformat-csv\2.15.4\jackson-dataformat-csv-2.15.4.jar;C:\Users\kayqu\.m2\repository\org\bitbucket\b_c\jose4j\0.9.4\jose4j-0.9.4.jar;C:\Users\kayqu\.m2\repository\org\scala-lang\modules\scala-collection-compat_2.13\2.10.0\scala-collection-compat_2.13-2.10.0.jar;C:\Users\kayqu\.m2\repository\org\scala-lang\modules\scala-java8-compat_2.13\1.0.2\scala-java8-compat_2.13-1.0.2.jar;C:\Users\kayqu\.m2\repository\org\scala-lang\scala-reflect\2.13.11\scala-reflect-2.13.11.jar;C:\Users\kayqu\.m2\repository\com\typesafe\scala-logging\scala-logging_2.13\3.9.4\scala-logging_2.13-3.9.4.jar;C:\Users\kayqu\.m2\repository\io\dropwizard\metrics\metrics-core\4.2.25\metrics-core-4.2.25.jar;C:\Users\kayqu\.m2\repository\commons-cli\commons-cli\1.4\commons-cli-1.4.jar;C:\Users\kayqu\.m2\repository\org\apache\kafka\kafka_2.13\3.6.2\kafka_2.13-3.6.2-test.jar;C:\Users\kayqu\.m2\repository\org\junit\jupiter\junit-jupiter-api\5.10.2\junit-jupiter-api-5.10.2.jar;C:\Users\kayqu\.m2\repository\org\opentest4j\opentest4j\1.3.0\opentest4j-1.3.0.jar;C:\Users\kayqu\.m2\repository\org\junit\platform\junit-platform-commons\1.10.2\junit-platform-commons-1.10.2.jar;C:\Users\kayqu\.m2\repository\org\apiguardian\apiguardian-api\1.1.2\apiguardian-api-1.1.2.jar;C:\Users\kayqu\.m2\repository\org\junit\platform\junit-platform-launcher\1.10.2\junit-platform-launcher-1.10.2.jar;C:\Users\kayqu\.m2\repository\org\junit\platform\junit-platform-engine\1.10.2\junit-platform-engine-1.10.2.jar;C:\Users\kayqu\.m2\repository\org\springframework\boot\spring-boot-starter-log4j2\3.2.5\spring-boot-starter-log4j2-3.2.5.jar;C:\Users\kayqu\.m2\repository\org\apache\logging\log4j\log4j-slf4j2-impl\2.21.1\log4j-slf4j2-impl-2.21.1.jar;C:\Users\kayqu\.m2\repository\org\apache\logging\log4j\log4j-api\2.21.1\log4j-api-2.21.1.jar;C:\Users\kayqu\.m2\repository\org\apache\logging\log4j\log4j-core\2.21.1\log4j-core-2.21.1.jar;C:\Users\kayqu\.m2\repository\org\apache\logging\log4j\log4j-jul\2.21.1\log4j-jul-2.21.1.jar;C:\Users\kayqu\.m2\repository\org\springframework\boot\spring-boot-starter-security\3.2.5\spring-boot-starter-security-3.2.5.jar;C:\Users\kayqu\.m2\repository\org\springframework\spring-aop\6.1.6\spring-aop-6.1.6.jar;C:\Users\kayqu\.m2\repository\org\springframework\security\spring-security-config\6.2.4\spring-security-config-6.2.4.jar;C:\Users\kayqu\.m2\repository\org\springframework\security\spring-security-web\6.2.4\spring-security-web-6.2.4.jar;C:\Users\kayqu\.m2\repository\org\springframework\boot\spring-boot-starter-oauth2-resource-server\3.2.5\spring-boot-starter-oauth2-resource-server-3.2.5.jar;C:\Users\kayqu\.m2\repository\org\springframework\security\spring-security-core\6.2.4\spring-security-core-6.2.4.jar;C:\Users\kayqu\.m2\repository\org\springframework\security\spring-security-crypto\6.2.4\spring-security-crypto-6.2.4.jar;C:\Users\kayqu\.m2\repository\org\springframework\security\spring-security-oauth2-resource-server\6.2.4\spring-security-oauth2-resource-server-6.2.4.jar;C:\Users\kayqu\.m2\repository\org\springframework\security\spring-security-oauth2-core\6.2.4\spring-security-oauth2-core-6.2.4.jar;C:\Users\kayqu\.m2\repository\org\springframework\security\spring-security-oauth2-jose\6.2.4\spring-security-oauth2-jose-6.2.4.jar;C:\Users\kayqu\.m2\repository\com\nimbusds\nimbus-jose-jwt\9.24.4\nimbus-jose-jwt-9.24.4.jar;C:\Users\kayqu\.m2\repository\com\github\stephenc\jcip\jcip-annotations\1.0-1\jcip-annotations-1.0-1.jar;C:\Users\kayqu\.m2\repository\software\amazon\awssdk\s3\2.21.44\s3-2.21.44.jar;C:\Users\kayqu\.m2\repository\software\amazon\awssdk\aws-xml-protocol\2.21.44\aws-xml-protocol-2.21.44.jar;C:\Users\kayqu\.m2\repository\software\amazon\awssdk\aws-query-protocol\2.21.44\aws-query-protocol-2.21.44.jar;C:\Users\kayqu\.m2\repository\software\amazon\awssdk\protocol-core\2.21.44\protocol-core-2.21.44.jar;C:\Users\kayqu\.m2\repository\software\amazon\awssdk\arns\2.21.44\arns-2.21.44.jar;C:\Users\kayqu\.m2\repository\software\amazon\awssdk\profiles\2.21.44\profiles-2.21.44.jar;C:\Users\kayqu\.m2\repository\software\amazon\awssdk\crt-core\2.21.44\crt-core-2.21.44.jar;C:\Users\kayqu\.m2\repository\software\amazon\awssdk\http-auth\2.21.44\http-auth-2.21.44.jar;C:\Users\kayqu\.m2\repository\software\amazon\awssdk\identity-spi\2.21.44\identity-spi-2.21.44.jar;C:\Users\kayqu\.m2\repository\software\amazon\awssdk\http-auth-spi\2.21.44\http-auth-spi-2.21.44.jar;C:\Users\kayqu\.m2\repository\org\reactivestreams\reactive-streams\1.0.4\reactive-streams-1.0.4.jar;C:\Users\kayqu\.m2\repository\software\amazon\awssdk\http-auth-aws\2.21.44\http-auth-aws-2.21.44.jar;C:\Users\kayqu\.m2\repository\software\amazon\awssdk\checksums\2.21.44\checksums-2.21.44.jar;C:\Users\kayqu\.m2\repository\software\amazon\awssdk\checksums-spi\2.21.44\checksums-spi-2.21.44.jar;C:\Users\kayqu\.m2\repository\software\amazon\awssdk\sdk-core\2.21.44\sdk-core-2.21.44.jar;C:\Users\kayqu\.m2\repository\software\amazon\awssdk\auth\2.21.44\auth-2.21.44.jar;C:\Users\kayqu\.m2\repository\software\amazon\eventstream\eventstream\1.0.1\eventstream-1.0.1.jar;C:\Users\kayqu\.m2\repository\software\amazon\awssdk\http-client-spi\2.21.44\http-client-spi-2.21.44.jar;C:\Users\kayqu\.m2\repository\software\amazon\awssdk\regions\2.21.44\regions-2.21.44.jar;C:\Users\kayqu\.m2\repository\software\amazon\awssdk\annotations\2.21.44\annotations-2.21.44.jar;C:\Users\kayqu\.m2\repository\software\amazon\awssdk\utils\2.21.44\utils-2.21.44.jar;C:\Users\kayqu\.m2\repository\software\amazon\awssdk\aws-core\2.21.44\aws-core-2.21.44.jar;C:\Users\kayqu\.m2\repository\software\amazon\awssdk\metrics-spi\2.21.44\metrics-spi-2.21.44.jar;C:\Users\kayqu\.m2\repository\software\amazon\awssdk\json-utils\2.21.44\json-utils-2.21.44.jar;C:\Users\kayqu\.m2\repository\software\amazon\awssdk\third-party-jackson-core\2.21.44\third-party-jackson-core-2.21.44.jar;C:\Users\kayqu\.m2\repository\software\amazon\awssdk\endpoints-spi\2.21.44\endpoints-spi-2.21.44.jar;C:\Users\kayqu\.m2\repository\software\amazon\awssdk\apache-client\2.21.44\apache-client-2.21.44.jar;C:\Users\kayqu\.m2\repository\org\apache\httpcomponents\httpclient\4.5.13\httpclient-4.5.13.jar;C:\Users\kayqu\.m2\repository\org\apache\httpcomponents\httpcore\4.4.16\httpcore-4.4.16.jar;C:\Users\kayqu\.m2\repository\commons-codec\commons-codec\1.16.1\commons-codec-1.16.1.jar;C:\Users\kayqu\.m2\repository\software\amazon\awssdk\netty-nio-client\2.21.44\netty-nio-client-2.21.44.jar;C:\Users\kayqu\.m2\repository\io\netty\netty-codec-http\4.1.109.Final\netty-codec-http-4.1.109.Final.jar;C:\Users\kayqu\.m2\repository\io\netty\netty-codec-http2\4.1.109.Final\netty-codec-http2-4.1.109.Final.jar;C:\Users\kayqu\.m2\repository\io\netty\netty-codec\4.1.109.Final\netty-codec-4.1.109.Final.jar;C:\Users\kayqu\.m2\repository\io\netty\netty-transport\4.1.109.Final\netty-transport-4.1.109.Final.jar;C:\Users\kayqu\.m2\repository\io\netty\netty-common\4.1.109.Final\netty-common-4.1.109.Final.jar;C:\Users\kayqu\.m2\repository\io\netty\netty-buffer\4.1.109.Final\netty-buffer-4.1.109.Final.jar;C:\Users\kayqu\.m2\repository\io\netty\netty-transport-classes-epoll\4.1.109.Final\netty-transport-classes-epoll-4.1.109.Final.jar;C:\Users\kayqu\.m2\repository\io\netty\netty-resolver\4.1.109.Final\netty-resolver-4.1.109.Final.jar;C:\Users\kayqu\.m2\repository\software\amazon\awssdk\secretsmanager\2.21.44\secretsmanager-2.21.44.jar;C:\Users\kayqu\.m2\repository\software\amazon\awssdk\aws-json-protocol\2.21.44\aws-json-protocol-2.21.44.jar;C:\Users\kayqu\.m2\repository\com\mysql\mysql-connector-j\8.0.33\mysql-connector-j-8.0.33.jar;C:\Users\kayqu\.m2\repository\junit\junit\4.13.2\junit-4.13.2.jar;C:\Users\kayqu\.m2\repository\org\hamcrest\hamcrest-core\2.2\hamcrest-core-2.2.jar;"/>
    <property name="sun.cpu.endian" value="little"/>
    <property name="user.home" value="C:\Users\kayqu"/>
    <property name="user.language" value="pt"/>
    <property name="java.specification.vendor" value="Oracle Corporation"/>
    <property name="java.version.date" value="2023-04-18"/>
    <property name="java.home" value="C:\Users\kayqu\OneDrive\Área de Trabalho\jdk-17.0.7"/>
    <property name="file.separator" value="\"/>
    <property name="basedir" value="C:\Users\kayqu\OneDrive\Documentos\workspace\NF"/>
    <property name="java.vm.compressedOopsMode" value="32-bit"/>
    <property name="line.separator" value="&#10;"/>
    <property name="java.vm.specification.vendor" value="Oracle Corporation"/>
    <property name="java.specification.name" value="Java Platform API Specification"/>
    <property name="surefire.real.class.path" value="C:\Users\kayqu\AppData\Local\Temp\surefire12543146535345648945\surefirebooter-20240503234909227_3.jar"/>
    <property name="user.script" value=""/>
    <property name="sun.management.compiler" value="HotSpot 64-Bit Tiered Compilers"/>
    <property name="java.runtime.version" value="17.0.7+8-LTS-224"/>
    <property name="user.name" value="kayqu"/>
    <property name="path.separator" value=";"/>
    <property name="os.version" value="10.0"/>
    <property name="java.runtime.name" value="Java(TM) SE Runtime Environment"/>
    <property name="file.encoding" value="Cp1252"/>
    <property name="java.vm.name" value="Java HotSpot(TM) 64-Bit Server VM"/>
    <property name="localRepository" value="C:\Users\kayqu\.m2\repository"/>
    <property name="java.vendor.url.bug" value="https://bugreport.java.com/bugreport/"/>
    <property name="java.io.tmpdir" value="C:\Users\kayqu\AppData\Local\Temp\"/>
    <property name="java.version" value="17.0.7"/>
    <property name="user.dir" value="C:\Users\kayqu\OneDrive\Documentos\workspace\NF"/>
    <property name="os.arch" value="amd64"/>
    <property name="java.vm.specification.name" value="Java Virtual Machine Specification"/>
    <property name="sun.os.patch.level" value=""/>
    <property name="native.encoding" value="Cp1252"/>
    <property name="java.library.path" value="C:\Users\kayqu\OneDrive\Área de Trabalho\jdk-17.0.7\bin;C:\Windows\Sun\Java\bin;C:\Windows\system32;C:\Windows;C:\Program Files (x86)\Common Files\Oracle\Java\java8path;C:\Program Files (x86)\Common Files\Oracle\Java\javapath;C:\jdk-17.0.7\bin;C:\Program Files\Eclipse Adoptium\jre-17.0.5.8-hotspot\bin;C:\Windows\system32;C:\Windows;C:\Windows\System32\Wbem;C:\Windows\System32\WindowsPowerShell\v1.0\;C:\Windows\System32\OpenSSH\;C:\Program Files (x86)\NVIDIA Corporation\PhysX\Common;E:\Git\cmd;E:\node\;C:\Program Files\Microsoft SQL Server\150\Tools\Binn\;C:\Program Files\Amazon\AWSCLIV2\;C:\Program Files\Microsoft SQL Server\130\Tools\Binn\;C:\Program Files\Microsoft SQL Server\Client SDK\ODBC\170\Tools\Binn\;C:\Program Files\dotnet\;C:\Program Files (x86)\Microsoft SQL Server\160\Tools\Binn\;C:\Program Files\Microsoft SQL Server\160\Tools\Binn\;C:\Program Files\Microsoft SQL Server\160\DTS\Binn\;C:\Program Files\Meld\;C:\Program Files\Docker\Docker\resources\bin;C:\apache-maven-3.9.2\bin;C:\Program Files\NVIDIA Corporation\NVIDIA NvDLISR;C:\Users\kayqu\AppData\Local\Pub\Cache\bin;C:\Users\kayqu\OneDrive\Documentos\gradle-8.7\bin;C:\Users\kayqu\OneDrive\Área de Trabalho\flutter\bin;C:\Users\kayqu\OneDrive\Área de Trabalho\kafka-3.7.0-src\bin;C:\Users\kayqu\AppData\Local\Microsoft\WindowsApps;C:\Users\kayqu\AppData\Roaming\npm;C:\Users\kayqu\AppData\Local\Programs\Microsoft VS Code\bin;C:\Users\kayqu\.dotnet\tools;C:\Windows\system32\inetsrv;C:\apache-maven-3.9.2\bin;C:\Users\kayqu\OneDrive\Área de Trabalho\flutter\bin;C:\Users\kayqu\OneDrive\Área de Trabalho\flutter\flutter\bin;C:\Users\kayqu\AppData\Local\Pub\Cache\bin;C:\Users\kayqu\OneDrive\Documentos\flutter\bin;C:\Users\kayqu\OneDrive\Documentos\gradle-8.7\bin;C:\Program Files\heroku\bin;C:\Users\kayqu\OneDrive\Área de Trabalho\kafka-3.7.0-src\bin;;."/>
    <property name="java.vm.info" value="mixed mode, sharing"/>
    <property name="java.vendor" value="Oracle Corporation"/>
    <property name="java.vm.version" value="17.0.7+8-LTS-224"/>
    <property name="sun.io.unicode.encoding" value="UnicodeLittle"/>
    <property name="java.class.version" value="61.0"/>
  </properties>
  <testcase name="validarArquivoPDF_Invalid" classname="com.alpe.nf.usecase.ExtrairDadosNotaFiscalUseCaseTest" time="0.01"/>
  <testcase name="validarArquivoPDF_Valid" classname="com.alpe.nf.usecase.ExtrairDadosNotaFiscalUseCaseTest" time="0.004"/>
  <testcase name="extrairDadosNotaFiscalDoArquivo" classname="com.alpe.nf.usecase.ExtrairDadosNotaFiscalUseCaseTest" time="0.457"/>
</testsuite>